<?xml version="1.0" encoding="UTF-8"?>
<!-- Generated by org.testng.reporters.JUnitReportReporter -->
<testsuite skipped="0" hostname="LAPTOP-2B3VV4RM" name="com.ms.tests.TC01Test" tests="1" failures="0" timestamp="09 Sep 2022 21:31:22 GMT" time="6.058" errors="0">
  <testcase name="testHomePage" time="6.058" classname="com.ms.tests.TC01Test"/>
</testsuite> <!-- com.ms.tests.TC01Test -->
