<?xml version="1.0" encoding="UTF-8"?>
<!-- Generated by org.testng.reporters.JUnitReportReporter -->
<testsuite skipped="0" hostname="LAPTOP-2B3VV4RM" name="com.ms.tests.TestValidateLogin2" tests="1" failures="0" timestamp="13 Sep 2022 15:53:27 GMT" time="12.321" errors="0">
  <testcase name="testLoginFunctioanlity" time="12.321" classname="com.ms.tests.TestValidateLogin2"/>
</testsuite> <!-- com.ms.tests.TestValidateLogin2 -->
