<?xml version="1.0" encoding="UTF-8"?>
<!-- Generated by org.testng.reporters.JUnitReportReporter -->
<testsuite skipped="0" hostname="LAPTOP-2B3VV4RM" name="com.mystore.Driver.DriverManager" tests="1" failures="0" timestamp="09 Sep 2022 21:13:38 GMT" time="5.732" errors="0">
  <testcase name="init_driver" time="5.732" classname="com.mystore.Driver.DriverManager"/>
</testsuite> <!-- com.mystore.Driver.DriverManager -->
