<?xml version="1.0" encoding="UTF-8"?>
<!-- Generated by org.testng.reporters.JUnitReportReporter -->
<testsuite skipped="0" hostname="LAPTOP-2B3VV4RM" name="com.ms.tests.TestValidateLoginfromExcel" tests="5" failures="0" timestamp="13 Sep 2022 16:20:47 GMT" time="67.950" errors="0">
  <testcase name="testLoginFunctioanlity" time="12.728" classname="com.ms.tests.TestValidateLoginfromExcel"/>
  <testcase name="testLoginFunctioanlity" time="14.289" classname="com.ms.tests.TestValidateLoginfromExcel"/>
  <testcase name="testLoginFunctioanlity" time="12.652" classname="com.ms.tests.TestValidateLoginfromExcel"/>
  <testcase name="testLoginFunctioanlity" time="13.509" classname="com.ms.tests.TestValidateLoginfromExcel"/>
  <testcase name="testLoginFunctioanlity" time="14.772" classname="com.ms.tests.TestValidateLoginfromExcel"/>
</testsuite> <!-- com.ms.tests.TestValidateLoginfromExcel -->
