<?xml version="1.0" encoding="UTF-8"?>
<!-- Generated by org.testng.reporters.JUnitReportReporter -->
<testsuite skipped="0" hostname="LAPTOP-2B3VV4RM" name="com.ms.tests.TestValidateLogin" tests="1" failures="0" timestamp="13 Sep 2022 15:49:05 GMT" time="13.528" errors="0">
  <testcase name="testLoginFunctioanlity" time="13.528" classname="com.ms.tests.TestValidateLogin"/>
</testsuite> <!-- com.ms.tests.TestValidateLogin -->
