<?xml version="1.0" encoding="UTF-8"?>
<!-- Generated by org.testng.reporters.JUnitReportReporter -->
<testsuite skipped="0" hostname="LAPTOP-2B3VV4RM" name="com.ms.tests.TestHomePage2" tests="1" failures="0" timestamp="12 Sep 2022 22:58:17 GMT" time="10.993" errors="0">
  <testcase name="testValidateWomensTab" time="10.993" classname="com.ms.tests.TestHomePage2"/>
</testsuite> <!-- com.ms.tests.TestHomePage2 -->
