<?xml version="1.0" encoding="UTF-8"?>
<!-- Generated by org.testng.reporters.JUnitReportReporter -->
<testsuite skipped="0" hostname="LAPTOP-2B3VV4RM" name="com.ms.tests.TestHomePage" tests="2" failures="0" timestamp="13 Sep 2022 15:36:40 GMT" time="21.275" errors="0">
  <testcase name="testVerifyHomePageElements1" time="10.936" classname="com.ms.tests.TestHomePage"/>
  <testcase name="testValidateWomensTab" time="10.339" classname="com.ms.tests.TestHomePage"/>
</testsuite> <!-- com.ms.tests.TestHomePage -->
